### ISSUE TITLE
EXC_BAD_ACCESS in libmbedcrypto.0.dylib from rand!

### ISSUE THREAD

**Issue by jiahao** [JuliaWeb/MbedTLS.jl#6]
Running the [World of Julia IPython notebook](https://github.com/jiahao/ijulia-notebooks/commit/12b95b4cc56e1bad3553bc71c45a0cf064e7f989) causes `libmbedcrypto` to eventually barf, apparently on a bad RNG state.

```
INFO: In rand! with (rng,buf) = (MbedTLS.CtrDrbg(Ptr{Void} @0x000000030fc912a0),UInt8[0x00,0x00,0x00,0x00,0x00,0x00,0x00,0x00,0x00,0x00,0x00,0x00,0x00,0x00,0x00,0x00,0x00,0x00,0x00,0x00,0x00,0x00,0x00,0x00,0x00,0x00,0x00,0x00])
Process 38285 stopped
* thread #1: tid = 0x9bb299, 0x000000030fe16c48 libmbedcrypto.0.dylib`entropy_gather_internal + 127, queue = 'com.apple.main-thread', stop reason = EXC_BAD_ACCESS (code=EXC_I386_GPFLT)
    frame #0: 0x000000030fe16c48 libmbedcrypto.0.dylib`entropy_gather_internal + 127
libmbedcrypto.0.dylib`entropy_gather_internal:
->  0x30fe16c48 <+127>: callq  *-0x20(%rbx)
    0x30fe16c4b <+130>: testl  %eax, %eax
    0x30fe16c4d <+132>: jne    0x30fe16c92               ; <+201>
    0x30fe16c4f <+134>: movq   -0xb8(%rbp), %rcx
```

As far as i can tell, here is the current state of the CTR-DRBG RNG when it dies:

```
(lldb) x/140 0x000000030fc912a0
0x30fc912a0: 0x8afb83b8 0x79aa6172 0x1a4aae3f 0x572ab3f2
0x30fc912b0: 0x00002711 0x00000000 0x00000030 0x00000000
0x30fc912c0: 0x00002710 0x00000000 0x0000000e 0x00000000
0x30fc912d0: 0x0fc912d8 0x00000003 0xec931480 0x24c32a06
0x30fc912e0: 0x5290c048 0xfcecf511 0x658fe5e6 0x84b09009
0x30fc912f0: 0xa0f693e0 0x7b7271fb 0xe3b25422 0xc7717e24
0x30fc91300: 0x95e1be6c 0x690d4b7d 0x9c585619 0x18e8c610
0x30fc91310: 0xb81e55f0 0xc36c240b 0xc89c0416 0x0fed7a32
0x30fc91320: 0x9a0cc45e 0xf3018f23 0x9124253f 0x89cce32f
0x30fc91330: 0x31d2b6df 0xf2be92d4 0x8015aa5d 0x8ff8d06f
0x30fc91340: 0x15f41431 0xe6f59b12 0x1fc231f6 0x960ed2d9
0x30fc91350: 0xa7dc6406 0x5562f6d2 0x35e90017 0xba11d078
0x30fc91360: 0xafe5c449 0x49105f5b 0x2408fecf 0xb2062c16
0x30fc91370: 0x15da4810 0x40b8bec2 0x10e06ca9 0xaaf1bcd1
0x30fc91380: 0x05147898 0x4c0427c3 0x0dfa32e1 0xbffc1ef7
0x30fc91390: 0xaa2656e7 0xea9ee825 0x2f676712 0x8596dbc3
0x30fc913a0: 0x8082a35b 0xcc868498 0x46be6da7 0xf9427350
0x30fc913b0: 0x536425b7 0xb9facd92 0x60314aef 0xe5a7912c
0x30fc913c0: 0x65253277 0xa9a3b6ef 0x95b42378 0x6cf65028
0x30fc913d0: 0x3f92759f 0x8668b80d 0x00000000 0x00000000
0x30fc913e0: 0x00000000 0x00000000 0x0fe16cb9 0x00000003
0x30fc913f0: 0x10090e00 0x00000003 0x0132cca0 0x00000001
0x30fc91400: 0x0fc98bc8 0x00000003 0x0fc914a1 0x00000003
0x30fc91410: 0x015cbe50 0x00000001 0x0fc8f6b0 0x00000003
0x30fc91420: 0x015cbe6b 0x00000001 0x00dd1980 0x00000001
0x30fc91430: 0x00000033 0xffffffff 0x01825150 0x00000001
0x30fc91440: 0x00000000 0x00000000 0x00000000 0x00000000
0x30fc91450: 0x0fc913e0 0x00000003 0x00000003 0xffffffff
0x30fc91460: 0x00000000 0x00000000 0x00000000 0x00000000
0x30fc91470: 0x00000000 0x00000000 0x0100008a 0x001e0140
0x30fc91480: 0x0fc98e38 0x00000003 0x0fc91020 0x00000003
0x30fc91490: 0x0fc9a82a 0x00000003 0x0132cca0 0x00000001
0x30fc914a0: 0x0fc98bc8 0x00000003 0x0fc9a841 0x00000003
0x30fc914b0: 0x0146c510 0x00000001 0x0fc90f10 0x00000003
0x30fc914c0: 0x0146c52b 0x00000001 0x00dd1980 0x00000001
```

Start of backtrace:

```
(lldb) bt
* thread #1: tid = 0x9bb299, 0x000000030fe16c48 libmbedcrypto.0.dylib`entropy_gather_internal + 127, queue = 'com.apple.main-thread', stop reason = EXC_BAD_ACCESS (code=EXC_I386_GPFLT)
  * frame #0: 0x000000030fe16c48 libmbedcrypto.0.dylib`entropy_gather_internal + 127
    frame #1: 0x000000030fe16d0f libmbedcrypto.0.dylib`mbedtls_entropy_func + 86
    frame #2: 0x000000030fe0cf34 libmbedcrypto.0.dylib`mbedtls_ctr_drbg_reseed + 116
    frame #3: 0x000000030fe0d4f2 libmbedcrypto.0.dylib`mbedtls_ctr_drbg_random_with_add + 120
    frame #4: 0x00000001041f657f
    frame #5: 0x000000010001a000 libjulia-debug.dylib`jl_apply(f=0x0000000108121d90, args=0x00007fff5fbfc7f8, nargs=2) + 64 at julia.h:1269
    frame #6: 0x000000010001cb01 libjulia-debug.dylib`jl_apply_generic(F=0x0000000105fffc70, args=0x00007fff5fbfc7f8, nargs=2) + 529 at gf.c:1684
```

As @malmaud suggested, the problem may be that not enough memory is allocated for the RNG state [here](https://github.com/JuliaWeb/MbedTLS.jl/blob/a4bcb6826f8725a023894308c77da996bcf0a645/src/entropy.jl#L6).

**Comment by malmaud** [comment]
Given that https://github.com/JuliaWeb/MbedTLS.jl/commit/66d960720243718f9ed7d4711f0097d668aaf03f doesn't fix this, the debugging continues.

**Comment by malmaud** [comment]
I've opened an upstream issue https://github.com/ARMmbed/mbedtls/issues/297 while I investigate.

**Comment by malmaud** [comment]
Closed via https://github.com/JuliaWeb/MbedTLS.jl/commit/f5e309969485ec4da60cdb5669fff6d0fc94c2cd.
